Running MUBCToken API Service
Contract Initialized
Driver Initialized
API Initialized
Running MUBCToken API Service
Randomly minting to all users on network
Contract Initialized
Driver Initialized
API Initialized
Running MUBCToken API Service
Contract Initialized
Driver Initialized
API Initialized
flag 3 undefined
flag 2 undefined
flag 3 undefined
flag 2 undefined
Running MUBCToken API Service
Contract Initialized
Driver Initialized
API Initialized
Running MUBCToken API Service
Contract Initialized
Driver Initialized
API Initialized
events.js:174
      throw er; // Unhandled 'error' event
      ^

Error: listen EADDRINUSE: address already in use :::3000
    at Server.setupListenHandle [as _listen2] (net.js:1270:14)
    at listenInCluster (net.js:1318:12)
    at Server.listen (net.js:1405:7)
    at Application.listen (/home/gilcrejp/incentive-contracts/node_modules/koa/lib/application.js:80:19)
    at initAPI (/home/gilcrejp/incentive-contracts/src/api.js:249:14)
    at init (/home/gilcrejp/incentive-contracts/src/api.js:269:11)
    at process._tickCallback (internal/process/next_tick.js:68:7)
Emitted 'error' event at:
    at emitErrorNT (net.js:1297:8)
    at process._tickCallback (internal/process/next_tick.js:63:19)

> incentive-contracts@1.0.0 api /home/gilcrejp/incentive-contracts
> node src/api.js

Running MUBCToken API Service
Contract Initialized
Driver Initialized
API Initialized
flag 3 undefined
flag 2 undefined
flag 1 [ RowDataPacket {
    idAnnoucments: 1,
    annoucment: 'This is a test annoucment',
    title: 'Test',
    author: 'Peter',
    onCreated: 2020-02-29T02:09:36.000Z },
  RowDataPacket {
    idAnnoucments: 2,
    annoucment: 'This is a another test annoucment',
    title: 'Test 2',
    author: 'Peter Test',
    onCreated: 2020-02-29T02:10:07.000Z } ]
flag 3 undefined
flag 2 undefined
flag 1 [ RowDataPacket {
    idAnnoucments: 1,
    annoucment: 'This is a test annoucment',
    title: 'Test',
    author: 'Peter',
    onCreated: 2020-02-29T02:09:36.000Z },
  RowDataPacket {
    idAnnoucments: 2,
    annoucment: 'This is a another test annoucment',
    title: 'Test 2',
    author: 'Peter Test',
    onCreated: 2020-02-29T02:10:07.000Z } ]
flag 3 undefined
flag 2 undefined
flag 1 [ RowDataPacket {
    idAnnoucments: 1,
    annoucment: 'This is a test annoucment',
    title: 'Test',
    author: 'Peter',
    onCreated: 2020-02-29T02:09:36.000Z },
  RowDataPacket {
    idAnnoucments: 2,
    annoucment: 'This is a another test annoucment',
    title: 'Test 2',
    author: 'Peter Test',
    onCreated: 2020-02-29T02:10:07.000Z } ]

> incentive-contracts@1.0.0 api /home/gilcrejp/incentive-contracts
> node src/api.js

Running MUBCToken API Service
Contract Initialized
Driver Initialized
API Initialized
flag 3 undefined
flag 2 undefined
flag 1 [ RowDataPacket {
    idAnnoucments: 1,
    annoucment: 'This is a test annoucment',
    title: 'Test',
    author: 'Peter',
    onCreated: 2020-02-29T02:09:36.000Z },
  RowDataPacket {
    idAnnoucments: 2,
    annoucment: 'This is a another test annoucment',
    title: 'Test 2',
    author: 'Peter Test',
    onCreated: 2020-02-29T02:10:07.000Z } ]
flag 3 undefined
flag 2 undefined
flag 1 [ RowDataPacket {
    idAnnoucments: 1,
    annoucment: 'This is a test annoucment',
    title: 'Test',
    author: 'Peter',
    onCreated: 2020-02-29T02:09:36.000Z },
  RowDataPacket {
    idAnnoucments: 2,
    annoucment: 'This is a another test annoucment',
    title: 'Test 2',
    author: 'Peter Test',
    onCreated: 2020-02-29T02:10:07.000Z } ]
